[2024-07-25 09:08:08] [INFORMACIÓN] JSON Devuelto: { "Medidores": { "Medidor1": "1", "Medidor2": "2", "Medidor3": "3", "Medidor4": "4", "Medidor5": "5" } } 
[2024-07-25 10:06:29] [INFORMACIÓN] JSON Devuelto: { "Medidores": { "Medidor1": "1", "Medidor2": "2", "Medidor3": "3", "Medidor4": "4", "Medidor5": "5" } } 
[2024-07-25 10:34:30] [INFORMACIÓN] JSON Devuelto: { "Medidores": { "Medidor1": "12345678", "Medidor2": "2", "Medidor3": "3", "Medidor4": "4", "Medidor5": "5" } } 
[2024-07-25 10:41:57] [INFORMACIÓN] JSON Devuelto: { "Medidores": { "Medidor1": "12345678", "Medidor2": "2", "Medidor3": "3", "Medidor4": "4", "Medidor5": "5" } } 
[2024-07-25 10:47:19] [INFORMACIÓN] JSON Devuelto: { "Medidores": { "Medidor1": "12345678", "Medidor2": "2", "Medidor3": "3", "Medidor4": "4", "Medidor5": "5" } } 
[2024-07-25 11:12:30] [INFORMACIÓN] JSON Devuelto: { "Medidores": { "Medidor1": "12345678", "Medidor2": "2", "Medidor3": "3", "Medidor4": "4", "Medidor5": "5" } } 
[2024-07-25 12:26:57] [INFORMACIÓN] JSON Devuelto: { "Medidores": { "Medidor1": "ABC", "Medidor2": "2", "Medidor3": "3", "Medidor4": "4", "Medidor5": "5" } } 
[2024-07-25 12:27:15] [INFORMACIÓN] JSON Devuelto: { "Medidores": { "Medidor1": "ABC", "Medidor2": "2", "Medidor3": "3", "Medidor4": "4", "Medidor5": "5" } } 
[2024-07-25 12:34:13] [INFORMACIÓN] JSON Devuelto: { "Medidores": { "Medidor1": "ABC", "Medidor2": "2", "Medidor3": "3", "Medidor4": "4", "Medidor5": "5" } } 
[2024-07-25 12:39:24] [INFORMACIÓN] JSON Devuelto: { "Medidores": { "Medidor1": "ABC", "Medidor2": "2", "Medidor3": "3", "Medidor4": "4", "Medidor5": "5" } } 
[2024-07-25 14:35:46] [INFORMACIÓN] JSON Devuelto: { "Medidores": { "Medidor1": "1234", "Medidor2": "5678" } } 
[2024-07-25 14:38:24] [INFORMACIÓN] JSON Devuelto: { "Medidores": { "Medidor1": "1234", "Medidor2": "5678" } } 
[2024-07-25 14:42:13] [INFORMACIÓN] JSON Devuelto: { "Medidores": { "Medidor1": "1234", "Medidor2": "56781" } } 
[2024-07-25 15:04:56] [INFORMACIÓN] JSON Devuelto: { "Medidores": { "Medidor1": "1234", "Medidor2": "56781" } } 
[2024-07-25 15:16:57] [INFORMACIÓN] JSON Devuelto: { "Medidores": { "Medidor1": "93814", "Medidor2": "11753", "Medidor3": "97719" } } 
[2024-07-25 15:20:02] [INFORMACIÓN] JSON Devuelto: { "Medidores": { "Medidor1": "27456", "Medidor2": "30238", "Medidor3": "53566", "Medidor4": "30731", "Medidor5": "60644", "Medidor6": "35847" } } 
[2024-07-25 15:24:37] [INFORMACIÓN] JSON Devuelto: { "Medidores": { "Medidor1": "00095", "Medidor2": "03972", "Medidor3": "75406", "Medidor4": "00130", "Medidor5": "93381", "Medidor6": "73031", "Medidor7": "74649", "Medidor8": "67807" } } 
[2024-07-25 15:27:45] [INFORMACIÓN] JSON Devuelto: { "Medidores": { "Medidor1": "45588" } } 
[2024-07-25 15:45:52] [INFORMACIÓN] JSON Devuelto: { "Medidores": { "Medidor1": "33817", "Medidor2": "18500", "Medidor3": "04994" } } 
[2024-07-25 15:50:15] [INFORMACIÓN] JSON Devuelto: { "Medidores": { "Medidor1": "33240", "Medidor2": "15723" } } 
[2024-07-26 10:05:58] [INFORMACIÓN] JSON Devuelto: { "Medidores": { "Medidor1": "02872", "Medidor2": "55761", "Medidor3": "88081" } } 
[2024-07-26 12:51:20] [INFORMACIÓN] JSON Devuelto: { "Medidores": { "Medidor1": "36293", "Medidor2": "46651" } } 
[2024-07-26 12:55:11] [INFORMACIÓN] JSON Devuelto: { "Medidores": { "Medidor1": "45327" } } 
[2024-07-26 13:06:12] [INFORMACIÓN] JSON Devuelto: { "Medidores": { "Medidor1": "57884" } } 
[2024-07-26 13:06:24] [INFORMACIÓN] JSON Devuelto: { "Medidores": { "Medidor1": "83555", "Medidor2": "93073" } } 
[2024-07-26 13:09:41] [INFORMACIÓN] JSON Devuelto: { "Medidores": { "Medidor1": "88369" } } 
[2024-07-26 13:09:41] [INFORMACIÓN] Concentrador no existente: 72561 
[2024-07-26 13:09:58] [INFORMACIÓN] JSON Devuelto: { "Medidores": { "Medidor1": "00007", "Medidor2": "05070", "Medidor3": "04934" } } 
[2024-07-29 11:31:44] [INFORMACIÓN] JSON Devuelto: { "Medidores": { "Medidor1": "50984", "Medidor2": "49448", "Medidor3": "74304" } } 
